# JRE version: OpenJDK Runtime Environment (21.0.10) (build 21.0.10+-14961533-b1163.108)
# Java VM: OpenJDK 64-Bit Server VM (21.0.10+-14961533-b1163.108, mixed mode, tiered, compressed oops, compressed class ptrs, g1 gc, windows-amd64)
GC Precious Log:
 CardTable entry size: 512
 Card Set container configuration: InlinePtr #cards 4 size 8 Array Of Cards #cards 32 size 80 Howl #buckets 8 coarsen threshold 7372 Howl Bitmap #cards 1024 size 144 coarsen threshold 921 Card regions per heap region 1 cards per card region 8192
 CPUs: 12 total, 12 available
 Memory: 16076M
 Large Page Support: Disabled
 NUMA Support: Disabled
 Compressed Oops: Enabled (Zero based)
 Heap Region Size: 4M
 Heap Min Capacity: 8M
 Heap Initial Capacity: 252M
 Heap Max Capacity: 8G
 Pre-touch: Disabled
 Parallel Workers: 10
 Concurrent Workers: 3
 Concurrent Refinement Workers: 10
 Periodic GC: Disabled
Heap:
 garbage-first heap   total 118784K, used 94934K [0x0000000600000000, 0x0000000800000000)
  region size 4096K, 9 young (36864K), 2 survivors (8192K)
 Metaspace       used 90833K, committed 92736K, reserved 1179648K
  class space    used 13018K, committed 13952K, reserved 1048576K
GC Heap History (20 events):
Event: 15.506 GC heap before
{Heap before GC invocations=13 (full 0):
 garbage-first heap   total 98304K, used 69372K [0x0000000600000000, 0x0000000800000000)
  region size 4096K, 12 young (49152K), 2 survivors (8192K)
 Metaspace       used 59215K, committed 60736K, reserved 1114112K
  class space    used 8361K, committed 9088K, reserved 1048576K
}
Event: 15.514 GC heap after
{Heap after GC invocations=14 (full 0):
 garbage-first heap   total 98304K, used 38259K [0x0000000600000000, 0x0000000800000000)
  region size 4096K, 1 young (4096K), 1 survivors (4096K)
 Metaspace       used 59215K, committed 60736K, reserved 1114112K
  class space    used 8361K, committed 9088K, reserved 1048576K
}
Event: 109.431 GC heap before
{Heap before GC invocations=15 (full 0):
 garbage-first heap   total 98304K, used 83315K [0x0000000600000000, 0x0000000800000000)
  region size 4096K, 13 young (53248K), 1 survivors (4096K)
 Metaspace       used 67590K, committed 69184K, reserved 1114112K
  class space    used 9514K, committed 10304K, reserved 1048576K
}
Event: 109.441 GC heap after
{Heap after GC invocations=16 (full 0):
 garbage-first heap   total 98304K, used 42914K [0x0000000600000000, 0x0000000800000000)
  region size 4096K, 2 young (8192K), 2 survivors (8192K)
 Metaspace       used 67590K, committed 69184K, reserved 1114112K
  class space    used 9514K, committed 10304K, reserved 1048576K
}
Event: 111.337 GC heap before
{Heap before GC invocations=16 (full 0):
 garbage-first heap   total 98304K, used 79778K [0x0000000600000000, 0x0000000800000000)
  region size 4096K, 12 young (49152K), 2 survivors (8192K)
 Metaspace       used 69747K, committed 71360K, reserved 1114112K
  class space    used 9843K, committed 10624K, reserved 1048576K
}
Event: 111.350 GC heap after
{Heap after GC invocations=17 (full 0):
 garbage-first heap   total 102400K, used 47623K [0x0000000600000000, 0x0000000800000000)
  region size 4096K, 2 young (8192K), 2 survivors (8192K)
 Metaspace       used 69747K, committed 71360K, reserved 1114112K
  class space    used 9843K, committed 10624K, reserved 1048576K
}
Event: 112.709 GC heap before
{Heap before GC invocations=17 (full 0):
 garbage-first heap   total 102400K, used 68103K [0x0000000600000000, 0x0000000800000000)
  region size 4096K, 9 young (36864K), 2 survivors (8192K)
 Metaspace       used 72199K, committed 73920K, reserved 1114112K
  class space    used 10244K, committed 11072K, reserved 1048576K
}
Event: 112.718 GC heap after
{Heap after GC invocations=18 (full 0):
 garbage-first heap   total 102400K, used 51543K [0x0000000600000000, 0x0000000800000000)
  region size 4096K, 2 young (8192K), 2 survivors (8192K)
 Metaspace       used 72199K, committed 73920K, reserved 1114112K
  class space    used 10244K, committed 11072K, reserved 1048576K
}
Event: 114.157 GC heap before
{Heap before GC invocations=18 (full 0):
 garbage-first heap   total 102400K, used 92503K [0x0000000600000000, 0x0000000800000000)
  region size 4096K, 11 young (45056K), 2 survivors (8192K)
 Metaspace       used 76299K, committed 78016K, reserved 1179648K
  class space    used 10813K, committed 11648K, reserved 1048576K
}
Event: 114.167 GC heap after
{Heap after GC invocations=19 (full 0):
 garbage-first heap   total 106496K, used 58280K [0x0000000600000000, 0x0000000800000000)
  region size 4096K, 1 young (4096K), 1 survivors (4096K)
 Metaspace       used 76299K, committed 78016K, reserved 1179648K
  class space    used 10813K, committed 11648K, reserved 1048576K
}
Event: 115.591 GC heap before
{Heap before GC invocations=19 (full 0):
 garbage-first heap   total 106496K, used 91048K [0x0000000600000000, 0x0000000800000000)
  region size 4096K, 9 young (36864K), 1 survivors (4096K)
 Metaspace       used 80027K, committed 81792K, reserved 1179648K
  class space    used 11347K, committed 12224K, reserved 1048576K
}
Event: 115.597 GC heap after
{Heap after GC invocations=20 (full 0):
 garbage-first heap   total 106496K, used 59344K [0x0000000600000000, 0x0000000800000000)
  region size 4096K, 1 young (4096K), 1 survivors (4096K)
 Metaspace       used 80027K, committed 81792K, reserved 1179648K
  class space    used 11347K, committed 12224K, reserved 1048576K
}
Event: 116.744 GC heap before
{Heap before GC invocations=21 (full 0):
 garbage-first heap   total 106496K, used 92112K [0x0000000600000000, 0x0000000800000000)
  region size 4096K, 9 young (36864K), 1 survivors (4096K)
 Metaspace       used 82387K, committed 84224K, reserved 1179648K
  class space    used 11671K, committed 12544K, reserved 1048576K
}
Event: 116.752 GC heap after
{Heap after GC invocations=22 (full 0):
 garbage-first heap   total 106496K, used 65227K [0x0000000600000000, 0x0000000800000000)
  region size 4096K, 2 young (8192K), 2 survivors (8192K)
 Metaspace       used 82387K, committed 84224K, reserved 1179648K
  class space    used 11671K, committed 12544K, reserved 1048576K
}
Event: 118.193 GC heap before
{Heap before GC invocations=22 (full 0):
 garbage-first heap   total 106496K, used 93899K [0x0000000600000000, 0x0000000800000000)
  region size 4096K, 9 young (36864K), 2 survivors (8192K)
 Metaspace       used 84263K, committed 86016K, reserved 1179648K
  class space    used 11951K, committed 12800K, reserved 1048576K
}
Event: 118.203 GC heap after
{Heap after GC invocations=23 (full 0):
 garbage-first heap   total 110592K, used 64630K [0x0000000600000000, 0x0000000800000000)
  region size 4096K, 2 young (8192K), 2 survivors (8192K)
 Metaspace       used 84263K, committed 86016K, reserved 1179648K
  class space    used 11951K, committed 12800K, reserved 1048576K
}
Event: 119.502 GC heap before
{Heap before GC invocations=23 (full 0):
 garbage-first heap   total 110592K, used 97398K [0x0000000600000000, 0x0000000800000000)
  region size 4096K, 10 young (40960K), 2 survivors (8192K)
 Metaspace       used 85963K, committed 87744K, reserved 1179648K
  class space    used 12207K, committed 13056K, reserved 1048576K
}
Event: 119.511 GC heap after
{Heap after GC invocations=24 (full 0):
 garbage-first heap   total 110592K, used 68562K [0x0000000600000000, 0x0000000800000000)
  region size 4096K, 2 young (8192K), 2 survivors (8192K)
 Metaspace       used 85963K, committed 87744K, reserved 1179648K
  class space    used 12207K, committed 13056K, reserved 1048576K
}
Event: 128.476 GC heap before
{Heap before GC invocations=25 (full 0):
 garbage-first heap   total 118784K, used 97234K [0x0000000600000000, 0x0000000800000000)
  region size 4096K, 9 young (36864K), 2 survivors (8192K)
 Metaspace       used 88244K, committed 90112K, reserved 1179648K
  class space    used 12530K, committed 13440K, reserved 1048576K
}
Event: 128.488 GC heap after
{Heap after GC invocations=26 (full 0):
 garbage-first heap   total 118784K, used 70358K [0x0000000600000000, 0x0000000800000000)
  region size 4096K, 2 young (8192K), 2 survivors (8192K)
 Metaspace       used 88244K, committed 90112K, reserved 1179648K
  class space    used 12530K, committed 13440K, reserved 1048576K
}

